greenvestrentals.rei.com
origin-future.rei.com
secure.rei.com
localhost.rei.com
lvb-vpn.rei.com
f5apps.rei.com
omptrans.notices.rei.com
nap9gtmns01.rei.com
autodiscover.rei.com
mymail.gslb.rei.com
feedback.rei.com
notices.rei.com
next-greenvestrentals.rei.com
vdi.rei.com
qapi.gslb.rei.com
notices-dev.rei.com
omptrans.notices1.rei.com
aspectmobile.rei.com
www.japan.rei.com
lva-vpn.rei.com
studio.rei.com
edc-origin.rei.com
next-rentals.rei.com
fs2.gslb.rei.com
desktop-b.rei.com
mailgun.rei.com
fs.rei.com
fs2.rei.com
cedar.rei.com
fs.gslb.rei.com
vpn.rei.com
tenzig.rei.com
vpnlab.rei.com
qpsh.gslb.rei.com
qpsh.rei.com
api-test.rei.com
gallery.rei.com
destinations.rei.com
csprpt.rei.com
destinations-test.rei.com
edcnp-origin.rei.com
partners2.rei.com
portal.greenvestrentals.rei.com
trips.rei.com
status.greenvestrentals.rei.com
media.rei.com
api.gslb.rei.com
www.cloud-dam.rei.com
images.rei.com
devfs.rei.com
api-playground-apigee.rei.com
m.rei.com
blog.rei.com
portal.next-greenvestrentals.rei.com
api-pci-apigee.rei.com
merc.rei.com
japan.rei.com
www.optoutside.rei.com
desktop-a.rei.com
api-dev-onprem.rei.com
api-pcidev-apigee.rei.com
mymail.rei.com
api-test-apigee.rei.com
api-apigee.rei.com
optoutside.rei.com
www.rei.com
vendorconfirm-qa.rei.com
reixwestelm.rei.com
help.rei.com
findout.rei.com
reiadvisors.rei.com
portal.rentals.rei.com
sappgw.rei.com
api-dev-apigee.rei.com
rentals.rei.com
api-sandbox-apigee.rei.com
www.reixwestelm.rei.com
portal.next-rentals.rei.com
notices1.rei.com
hr.rei.com
milsec1.rei.com
compassqa.gslb.rei.com
ppsh.gslb.rei.com
top-brands.rei.com
next.rei.com
vdi.gslb.rei.com
desktop.rei.com
mi.rei.com
ppsh.rei.com
officeweb7.rei.com
origin-coopjournal.rei.com
api-pcitest-apigee.rei.com
omp.notices.rei.com
catalogs.rei.com
wpvip.rei.com
satchel.rei.com
future.rei.com
compass.gslb.rei.com
nap7gtmns01.rei.com
rei.com
customerinnovation.rei.com
omp.customerinnovation.rei.com
securemail.rei.com
api-dev.rei.com
mfa.rei.com
apigw.rei.com
compass.rei.com
newsroom.rei.com
trailblazers.rei.com
vendorconfirm-preprod.rei.com
engineering.rei.com
api-dev-catalog.rei.com
public-qa.cloud-dam.rei.com
edcnp.rei.com
staging-conversations.rei.com
git.rei.com
