europe.lva-vpn.rei.com
lva-vpn.europe.rei.com
profile.lva-vpn.rei.com
lva-vpn.profile.rei.com
cgi.lva-vpn.rei.com
lva-vpn.cgi.rei.com
file.lva-vpn.rei.com
lva-vpn.file.rei.com
redir.lva-vpn.rei.com
lva-vpn.redir.rei.com
resetdata.lva-vpn.rei.com
lva-vpn.resetdata.rei.com
cert.lva-vpn.rei.com
lva-vpn.cert.rei.com
team.lva-vpn.rei.com
lva-vpn.team.rei.com
admin.lva-vpn.rei.com
lva-vpn.admin.rei.com
disabled.lva-vpn.rei.com
lva-vpn.disabled.rei.com
org.lva-vpn.rei.com
lva-vpn.org.rei.com
testing.lva-vpn.rei.com
lva-vpn.testing.rei.com
help.lva-vpn.rei.com
lva-vpn.help.rei.com
search.lva-vpn.rei.com
lva-vpn.search.rei.com
gitlab.lva-vpn.rei.com
lva-vpn.gitlab.rei.com
adm.lva-vpn.rei.com
lva-vpn.adm.rei.com
train.lva-vpn.rei.com
lva-vpn.train.rei.com
apache.lva-vpn.rei.com
lva-vpn.apache.rei.com
ssl.lva-vpn.rei.com
lva-vpn.ssl.rei.com
trial.lva-vpn.rei.com
lva-vpn.trial.rei.com
docsdrop.lva-vpn.rei.com
lva-vpn.docsdrop.rei.com
events.lva-vpn.rei.com
lva-vpn.events.rei.com
security.lva-vpn.rei.com
lva-vpn.security.rei.com
lab.lva-vpn.rei.com
lva-vpn.lab.rei.com
v3.lva-vpn.rei.com
lva-vpn.v3.rei.com
demo.lva-vpn.rei.com
lva-vpn.demo.rei.com
email.lva-vpn.rei.com
lva-vpn.email.rei.com
svc.lva-vpn.rei.com
lva-vpn.svc.rei.com
beta.lva-vpn.rei.com
lva-vpn.beta.rei.com
backend.lva-vpn.rei.com
lva-vpn.backend.rei.com
oid.lva-vpn.rei.com
lva-vpn.oid.rei.com
container.lva-vpn.rei.com
lva-vpn.container.rei.com
v.lva-vpn.rei.com
lva-vpn.v.rei.com
lax.lva-vpn.rei.com
lva-vpn.lax.rei.com
payment.lva-vpn.rei.com
lva-vpn.payment.rei.com
vpn.lva-vpn.rei.com
lva-vpn.vpn.rei.com
proxy.lva-vpn.rei.com
lva-vpn.proxy.rei.com
legacy.lva-vpn.rei.com
lva-vpn.legacy.rei.com
mirror.lva-vpn.rei.com
lva-vpn.mirror.rei.com
lva-vpn.lva-vpn.rei.com
lva-vpn.lva-vpn.rei.com
staging.lva-vpn.rei.com
lva-vpn.staging.rei.com
test.lva-vpn.rei.com
lva-vpn.test.rei.com
admins.lva-vpn.rei.com
lva-vpn.admins.rei.com
sandbox.lva-vpn.rei.com
lva-vpn.sandbox.rei.com
developer.lva-vpn.rei.com
lva-vpn.developer.rei.com
us.lva-vpn.rei.com
lva-vpn.us.rei.com
api-docs.lva-vpn.rei.com
lva-vpn.api-docs.rei.com
latin.lva-vpn.rei.com
lva-vpn.latin.rei.com
restricted.lva-vpn.rei.com
lva-vpn.restricted.rei.com
net.lva-vpn.rei.com
lva-vpn.net.rei.com
jenkins.lva-vpn.rei.com
lva-vpn.jenkins.rei.com
application.lva-vpn.rei.com
lva-vpn.application.rei.com
northamerica.lva-vpn.rei.com
lva-vpn.northamerica.rei.com
web.lva-vpn.rei.com
lva-vpn.web.rei.com
reset.lva-vpn.rei.com
lva-vpn.reset.rei.com
chef.lva-vpn.rei.com
lva-vpn.chef.rei.com
tomcat.lva-vpn.rei.com
lva-vpn.tomcat.rei.com
partner.lva-vpn.rei.com
lva-vpn.partner.rei.com
docker.lva-vpn.rei.com
lva-vpn.docker.rei.com
loadbalancer.lva-vpn.rei.com
lva-vpn.loadbalancer.rei.com
administrator.lva-vpn.rei.com
lva-vpn.administrator.rei.com
signed.lva-vpn.rei.com
lva-vpn.signed.rei.com
ids.lva-vpn.rei.com
lva-vpn.ids.rei.com
v2.lva-vpn.rei.com
lva-vpn.v2.rei.com
lb.lva-vpn.rei.com
lva-vpn.lb.rei.com
scm.lva-vpn.rei.com
lva-vpn.scm.rei.com
account.lva-vpn.rei.com
lva-vpn.account.rei.com
promo.lva-vpn.rei.com
lva-vpn.promo.rei.com
hw.lva-vpn.rei.com
lva-vpn.hw.rei.com
server.lva-vpn.rei.com
lva-vpn.server.rei.com
cdn.lva-vpn.rei.com
lva-vpn.cdn.rei.com
gateway.lva-vpn.rei.com
lva-vpn.gateway.rei.com
prod.lva-vpn.rei.com
lva-vpn.prod.rei.com
static.lva-vpn.rei.com
lva-vpn.static.rei.com
support.lva-vpn.rei.com
lva-vpn.support.rei.com
priv.lva-vpn.rei.com
lva-vpn.priv.rei.com
profiles.lva-vpn.rei.com
lva-vpn.profiles.rei.com
aws.lva-vpn.rei.com
lva-vpn.aws.rei.com
int.lva-vpn.rei.com
lva-vpn.int.rei.com
preview.lva-vpn.rei.com
lva-vpn.preview.rei.com
engineering.lva-vpn.rei.com
lva-vpn.engineering.rei.com
staff.lva-vpn.rei.com
lva-vpn.staff.rei.com
administrators.lva-vpn.rei.com
lva-vpn.administrators.rei.com
analytics.lva-vpn.rei.com
lva-vpn.analytics.rei.com
toolbar.lva-vpn.rei.com
lva-vpn.toolbar.rei.com
system.lva-vpn.rei.com
lva-vpn.system.rei.com
cms.lva-vpn.rei.com
lva-vpn.cms.rei.com
cvs.lva-vpn.rei.com
lva-vpn.cvs.rei.com
devops.lva-vpn.rei.com
lva-vpn.devops.rei.com
confluence.lva-vpn.rei.com
lva-vpn.confluence.rei.com
nautilus.lva-vpn.rei.com
lva-vpn.nautilus.rei.com
app.lva-vpn.rei.com
lva-vpn.app.rei.com
development.lva-vpn.rei.com
lva-vpn.development.rei.com
firewall.lva-vpn.rei.com
lva-vpn.firewall.rei.com
page.lva-vpn.rei.com
lva-vpn.page.rei.com
repository.lva-vpn.rei.com
lva-vpn.repository.rei.com
dev.lva-vpn.rei.com
lva-vpn.dev.rei.com
repo.lva-vpn.rei.com
lva-vpn.repo.rei.com
training.lva-vpn.rei.com
lva-vpn.training.rei.com
cloudfront.lva-vpn.rei.com
lva-vpn.cloudfront.rei.com
region.lva-vpn.rei.com
lva-vpn.region.rei.com
tpe.lva-vpn.rei.com
lva-vpn.tpe.rei.com
skins.lva-vpn.rei.com
lva-vpn.skins.rei.com
nginx.lva-vpn.rei.com
lva-vpn.nginx.rei.com
accounting.lva-vpn.rei.com
lva-vpn.accounting.rei.com
webapp.lva-vpn.rei.com
lva-vpn.webapp.rei.com
mail.lva-vpn.rei.com
lva-vpn.mail.rei.com
machine.lva-vpn.rei.com
lva-vpn.machine.rei.com
pantheon.lva-vpn.rei.com
lva-vpn.pantheon.rei.com
internal.lva-vpn.rei.com
lva-vpn.internal.rei.com
testbed.lva-vpn.rei.com
lva-vpn.testbed.rei.com
php.lva-vpn.rei.com
lva-vpn.php.rei.com
azure.lva-vpn.rei.com
lva-vpn.azure.rei.com
stage.lva-vpn.rei.com
lva-vpn.stage.rei.com
redirector.lva-vpn.rei.com
lva-vpn.redirector.rei.com
stg.lva-vpn.rei.com
lva-vpn.stg.rei.com
edge.lva-vpn.rei.com
lva-vpn.edge.rei.com
metrics.lva-vpn.rei.com
lva-vpn.metrics.rei.com
bucket.lva-vpn.rei.com
lva-vpn.bucket.rei.com
europewest.lva-vpn.rei.com
lva-vpn.europewest.rei.com
control.lva-vpn.rei.com
lva-vpn.control.rei.com
gw.lva-vpn.rei.com
lva-vpn.gw.rei.com
emea.lva-vpn.rei.com
lva-vpn.emea.rei.com
api.lva-vpn.rei.com
lva-vpn.api.rei.com
eng.lva-vpn.rei.com
lva-vpn.eng.rei.com
data.lva-vpn.rei.com
lva-vpn.data.rei.com
chd.lva-vpn.rei.com
lva-vpn.chd.rei.com
private.lva-vpn.rei.com
lva-vpn.private.rei.com
apac.lva-vpn.rei.com
lva-vpn.apac.rei.com
production.lva-vpn.rei.com
lva-vpn.production.rei.com
elastic.lva-vpn.rei.com
lva-vpn.elastic.rei.com
brand.lva-vpn.rei.com
lva-vpn.brand.rei.com
twitch.lva-vpn.rei.com
lva-vpn.twitch.rei.com
pass.lva-vpn.rei.com
lva-vpn.pass.rei.com
frontpage.lva-vpn.rei.com
lva-vpn.frontpage.rei.com
raw.lva-vpn.rei.com
lva-vpn.raw.rei.com
client.lva-vpn.rei.com
lva-vpn.client.rei.com
git.lva-vpn.rei.com
lva-vpn.git.rei.com
ext.lva-vpn.rei.com
lva-vpn.ext.rei.com
service.lva-vpn.rei.com
lva-vpn.service.rei.com
billing.lva-vpn.rei.com
lva-vpn.billing.rei.com
origin.lva-vpn.rei.com
lva-vpn.origin.rei.com
ci.lva-vpn.rei.com
lva-vpn.ci.rei.com
global.lva-vpn.rei.com
lva-vpn.global.rei.com
s3.lva-vpn.rei.com
lva-vpn.s3.rei.com
elasticbeanstalk.lva-vpn.rei.com
lva-vpn.elasticbeanstalk.rei.com
gh.lva-vpn.rei.com
lva-vpn.gh.rei.com
node.lva-vpn.rei.com
lva-vpn.node.rei.com
auth.lva-vpn.rei.com
lva-vpn.auth.rei.com
secure.lva-vpn.rei.com
lva-vpn.secure.rei.com
gist.lva-vpn.rei.com
lva-vpn.gist.rei.com
hwcdn.lva-vpn.rei.com
lva-vpn.hwcdn.rei.com
iad.lva-vpn.rei.com
lva-vpn.iad.rei.com
swagger.lva-vpn.rei.com
lva-vpn.swagger.rei.com
pay.lva-vpn.rei.com
lva-vpn.pay.rei.com
v1.lva-vpn.rei.com
lva-vpn.v1.rei.com
fw.lva-vpn.rei.com
lva-vpn.fw.rei.com
ghcpi.lva-vpn.rei.com
lva-vpn.ghcpi.rei.com
login.lva-vpn.rei.com
lva-vpn.login.rei.com
github.lva-vpn.rei.com
lva-vpn.github.rei.com
feedback.lva-vpn.rei.com
lva-vpn.feedback.rei.com
ops.lva-vpn.rei.com
lva-vpn.ops.rei.com
devs.lva-vpn.rei.com
lva-vpn.devs.rei.com
svcgateway.lva-vpn.rei.com
lva-vpn.svcgateway.rei.com
w3.lva-vpn.rei.com
lva-vpn.w3.rei.com
acc.lva-vpn.rei.com
lva-vpn.acc.rei.com
engine.lva-vpn.rei.com
lva-vpn.engine.rei.com
alpha.lva-vpn.rei.com
lva-vpn.alpha.rei.com
productions.lva-vpn.rei.com
lva-vpn.productions.rei.com
europelva-vpn.rei.com
europe-lva-vpn.rei.com
profilelva-vpn.rei.com
profile-lva-vpn.rei.com
cgilva-vpn.rei.com
cgi-lva-vpn.rei.com
filelva-vpn.rei.com
file-lva-vpn.rei.com
redirlva-vpn.rei.com
redir-lva-vpn.rei.com
resetdatalva-vpn.rei.com
resetdata-lva-vpn.rei.com
certlva-vpn.rei.com
cert-lva-vpn.rei.com
teamlva-vpn.rei.com
team-lva-vpn.rei.com
adminlva-vpn.rei.com
admin-lva-vpn.rei.com
disabledlva-vpn.rei.com
disabled-lva-vpn.rei.com
orglva-vpn.rei.com
org-lva-vpn.rei.com
testinglva-vpn.rei.com
testing-lva-vpn.rei.com
helplva-vpn.rei.com
help-lva-vpn.rei.com
searchlva-vpn.rei.com
search-lva-vpn.rei.com
gitlablva-vpn.rei.com
gitlab-lva-vpn.rei.com
admlva-vpn.rei.com
adm-lva-vpn.rei.com
trainlva-vpn.rei.com
train-lva-vpn.rei.com
apachelva-vpn.rei.com
apache-lva-vpn.rei.com
ssllva-vpn.rei.com
ssl-lva-vpn.rei.com
triallva-vpn.rei.com
trial-lva-vpn.rei.com
docsdroplva-vpn.rei.com
docsdrop-lva-vpn.rei.com
eventslva-vpn.rei.com
events-lva-vpn.rei.com
securitylva-vpn.rei.com
security-lva-vpn.rei.com
lablva-vpn.rei.com
lab-lva-vpn.rei.com
v3lva-vpn.rei.com
v3-lva-vpn.rei.com
demolva-vpn.rei.com
demo-lva-vpn.rei.com
emaillva-vpn.rei.com
email-lva-vpn.rei.com
svclva-vpn.rei.com
svc-lva-vpn.rei.com
betalva-vpn.rei.com
beta-lva-vpn.rei.com
backendlva-vpn.rei.com
backend-lva-vpn.rei.com
oidlva-vpn.rei.com
oid-lva-vpn.rei.com
containerlva-vpn.rei.com
container-lva-vpn.rei.com
vlva-vpn.rei.com
v-lva-vpn.rei.com
laxlva-vpn.rei.com
lax-lva-vpn.rei.com
paymentlva-vpn.rei.com
payment-lva-vpn.rei.com
vpnlva-vpn.rei.com
vpn-lva-vpn.rei.com
proxylva-vpn.rei.com
proxy-lva-vpn.rei.com
legacylva-vpn.rei.com
legacy-lva-vpn.rei.com
mirrorlva-vpn.rei.com
mirror-lva-vpn.rei.com
lva-vpnlva-vpn.rei.com
lva-vpn-lva-vpn.rei.com
staginglva-vpn.rei.com
staging-lva-vpn.rei.com
testlva-vpn.rei.com
test-lva-vpn.rei.com
adminslva-vpn.rei.com
admins-lva-vpn.rei.com
sandboxlva-vpn.rei.com
sandbox-lva-vpn.rei.com
developerlva-vpn.rei.com
developer-lva-vpn.rei.com
uslva-vpn.rei.com
us-lva-vpn.rei.com
api-docslva-vpn.rei.com
api-docs-lva-vpn.rei.com
latinlva-vpn.rei.com
latin-lva-vpn.rei.com
restrictedlva-vpn.rei.com
restricted-lva-vpn.rei.com
netlva-vpn.rei.com
net-lva-vpn.rei.com
jenkinslva-vpn.rei.com
jenkins-lva-vpn.rei.com
applicationlva-vpn.rei.com
application-lva-vpn.rei.com
northamericalva-vpn.rei.com
northamerica-lva-vpn.rei.com
weblva-vpn.rei.com
web-lva-vpn.rei.com
resetlva-vpn.rei.com
reset-lva-vpn.rei.com
cheflva-vpn.rei.com
chef-lva-vpn.rei.com
tomcatlva-vpn.rei.com
tomcat-lva-vpn.rei.com
partnerlva-vpn.rei.com
partner-lva-vpn.rei.com
dockerlva-vpn.rei.com
docker-lva-vpn.rei.com
loadbalancerlva-vpn.rei.com
loadbalancer-lva-vpn.rei.com
administratorlva-vpn.rei.com
administrator-lva-vpn.rei.com
signedlva-vpn.rei.com
signed-lva-vpn.rei.com
idslva-vpn.rei.com
ids-lva-vpn.rei.com
v2lva-vpn.rei.com
v2-lva-vpn.rei.com
lblva-vpn.rei.com
lb-lva-vpn.rei.com
scmlva-vpn.rei.com
scm-lva-vpn.rei.com
accountlva-vpn.rei.com
account-lva-vpn.rei.com
promolva-vpn.rei.com
promo-lva-vpn.rei.com
hwlva-vpn.rei.com
hw-lva-vpn.rei.com
serverlva-vpn.rei.com
server-lva-vpn.rei.com
cdnlva-vpn.rei.com
cdn-lva-vpn.rei.com
gatewaylva-vpn.rei.com
gateway-lva-vpn.rei.com
prodlva-vpn.rei.com
prod-lva-vpn.rei.com
staticlva-vpn.rei.com
static-lva-vpn.rei.com
supportlva-vpn.rei.com
support-lva-vpn.rei.com
privlva-vpn.rei.com
priv-lva-vpn.rei.com
profileslva-vpn.rei.com
profiles-lva-vpn.rei.com
awslva-vpn.rei.com
aws-lva-vpn.rei.com
intlva-vpn.rei.com
int-lva-vpn.rei.com
previewlva-vpn.rei.com
preview-lva-vpn.rei.com
engineeringlva-vpn.rei.com
engineering-lva-vpn.rei.com
stafflva-vpn.rei.com
staff-lva-vpn.rei.com
administratorslva-vpn.rei.com
administrators-lva-vpn.rei.com
analyticslva-vpn.rei.com
analytics-lva-vpn.rei.com
toolbarlva-vpn.rei.com
toolbar-lva-vpn.rei.com
systemlva-vpn.rei.com
system-lva-vpn.rei.com
cmslva-vpn.rei.com
cms-lva-vpn.rei.com
cvslva-vpn.rei.com
cvs-lva-vpn.rei.com
devopslva-vpn.rei.com
devops-lva-vpn.rei.com
confluencelva-vpn.rei.com
confluence-lva-vpn.rei.com
nautiluslva-vpn.rei.com
nautilus-lva-vpn.rei.com
applva-vpn.rei.com
app-lva-vpn.rei.com
developmentlva-vpn.rei.com
development-lva-vpn.rei.com
firewalllva-vpn.rei.com
firewall-lva-vpn.rei.com
pagelva-vpn.rei.com
page-lva-vpn.rei.com
repositorylva-vpn.rei.com
repository-lva-vpn.rei.com
devlva-vpn.rei.com
dev-lva-vpn.rei.com
repolva-vpn.rei.com
repo-lva-vpn.rei.com
traininglva-vpn.rei.com
training-lva-vpn.rei.com
cloudfrontlva-vpn.rei.com
cloudfront-lva-vpn.rei.com
regionlva-vpn.rei.com
region-lva-vpn.rei.com
tpelva-vpn.rei.com
tpe-lva-vpn.rei.com
skinslva-vpn.rei.com
skins-lva-vpn.rei.com
nginxlva-vpn.rei.com
nginx-lva-vpn.rei.com
accountinglva-vpn.rei.com
accounting-lva-vpn.rei.com
webapplva-vpn.rei.com
webapp-lva-vpn.rei.com
maillva-vpn.rei.com
mail-lva-vpn.rei.com
machinelva-vpn.rei.com
machine-lva-vpn.rei.com
pantheonlva-vpn.rei.com
pantheon-lva-vpn.rei.com
internallva-vpn.rei.com
internal-lva-vpn.rei.com
testbedlva-vpn.rei.com
testbed-lva-vpn.rei.com
phplva-vpn.rei.com
php-lva-vpn.rei.com
azurelva-vpn.rei.com
azure-lva-vpn.rei.com
stagelva-vpn.rei.com
stage-lva-vpn.rei.com
redirectorlva-vpn.rei.com
redirector-lva-vpn.rei.com
stglva-vpn.rei.com
stg-lva-vpn.rei.com
edgelva-vpn.rei.com
edge-lva-vpn.rei.com
metricslva-vpn.rei.com
metrics-lva-vpn.rei.com
bucketlva-vpn.rei.com
bucket-lva-vpn.rei.com
europewestlva-vpn.rei.com
europewest-lva-vpn.rei.com
controllva-vpn.rei.com
control-lva-vpn.rei.com
gwlva-vpn.rei.com
gw-lva-vpn.rei.com
emealva-vpn.rei.com
emea-lva-vpn.rei.com
apilva-vpn.rei.com
api-lva-vpn.rei.com
englva-vpn.rei.com
eng-lva-vpn.rei.com
datalva-vpn.rei.com
data-lva-vpn.rei.com
chdlva-vpn.rei.com
chd-lva-vpn.rei.com
privatelva-vpn.rei.com
private-lva-vpn.rei.com
apaclva-vpn.rei.com
apac-lva-vpn.rei.com
productionlva-vpn.rei.com
production-lva-vpn.rei.com
elasticlva-vpn.rei.com
elastic-lva-vpn.rei.com
brandlva-vpn.rei.com
brand-lva-vpn.rei.com
twitchlva-vpn.rei.com
twitch-lva-vpn.rei.com
passlva-vpn.rei.com
pass-lva-vpn.rei.com
frontpagelva-vpn.rei.com
frontpage-lva-vpn.rei.com
rawlva-vpn.rei.com
raw-lva-vpn.rei.com
clientlva-vpn.rei.com
client-lva-vpn.rei.com
gitlva-vpn.rei.com
git-lva-vpn.rei.com
extlva-vpn.rei.com
ext-lva-vpn.rei.com
servicelva-vpn.rei.com
service-lva-vpn.rei.com
billinglva-vpn.rei.com
billing-lva-vpn.rei.com
originlva-vpn.rei.com
origin-lva-vpn.rei.com
cilva-vpn.rei.com
ci-lva-vpn.rei.com
globallva-vpn.rei.com
global-lva-vpn.rei.com
s3lva-vpn.rei.com
s3-lva-vpn.rei.com
elasticbeanstalklva-vpn.rei.com
elasticbeanstalk-lva-vpn.rei.com
ghlva-vpn.rei.com
gh-lva-vpn.rei.com
nodelva-vpn.rei.com
node-lva-vpn.rei.com
authlva-vpn.rei.com
auth-lva-vpn.rei.com
securelva-vpn.rei.com
secure-lva-vpn.rei.com
gistlva-vpn.rei.com
gist-lva-vpn.rei.com
hwcdnlva-vpn.rei.com
hwcdn-lva-vpn.rei.com
iadlva-vpn.rei.com
iad-lva-vpn.rei.com
swaggerlva-vpn.rei.com
swagger-lva-vpn.rei.com
paylva-vpn.rei.com
pay-lva-vpn.rei.com
v1lva-vpn.rei.com
v1-lva-vpn.rei.com
fwlva-vpn.rei.com
fw-lva-vpn.rei.com
ghcpilva-vpn.rei.com
ghcpi-lva-vpn.rei.com
loginlva-vpn.rei.com
login-lva-vpn.rei.com
githublva-vpn.rei.com
github-lva-vpn.rei.com
feedbacklva-vpn.rei.com
feedback-lva-vpn.rei.com
opslva-vpn.rei.com
ops-lva-vpn.rei.com
devslva-vpn.rei.com
devs-lva-vpn.rei.com
svcgatewaylva-vpn.rei.com
svcgateway-lva-vpn.rei.com
w3lva-vpn.rei.com
w3-lva-vpn.rei.com
acclva-vpn.rei.com
acc-lva-vpn.rei.com
enginelva-vpn.rei.com
engine-lva-vpn.rei.com
alphalva-vpn.rei.com
alpha-lva-vpn.rei.com
productionslva-vpn.rei.com
productions-lva-vpn.rei.com
lva-vpneurope.rei.com
lva-vpn-europe.rei.com
lva-vpnprofile.rei.com
lva-vpn-profile.rei.com
lva-vpncgi.rei.com
lva-vpn-cgi.rei.com
lva-vpnfile.rei.com
lva-vpn-file.rei.com
lva-vpnredir.rei.com
lva-vpn-redir.rei.com
lva-vpnresetdata.rei.com
lva-vpn-resetdata.rei.com
lva-vpncert.rei.com
lva-vpn-cert.rei.com
lva-vpnteam.rei.com
lva-vpn-team.rei.com
lva-vpnadmin.rei.com
lva-vpn-admin.rei.com
lva-vpndisabled.rei.com
lva-vpn-disabled.rei.com
lva-vpnorg.rei.com
lva-vpn-org.rei.com
lva-vpntesting.rei.com
lva-vpn-testing.rei.com
lva-vpnhelp.rei.com
lva-vpn-help.rei.com
lva-vpnsearch.rei.com
lva-vpn-search.rei.com
lva-vpngitlab.rei.com
lva-vpn-gitlab.rei.com
lva-vpnadm.rei.com
lva-vpn-adm.rei.com
lva-vpntrain.rei.com
lva-vpn-train.rei.com
lva-vpnapache.rei.com
lva-vpn-apache.rei.com
lva-vpnssl.rei.com
lva-vpn-ssl.rei.com
lva-vpntrial.rei.com
lva-vpn-trial.rei.com
lva-vpndocsdrop.rei.com
lva-vpn-docsdrop.rei.com
lva-vpnevents.rei.com
lva-vpn-events.rei.com
lva-vpnsecurity.rei.com
lva-vpn-security.rei.com
lva-vpnlab.rei.com
lva-vpn-lab.rei.com
lva-vpnv3.rei.com
lva-vpn-v3.rei.com
lva-vpndemo.rei.com
lva-vpn-demo.rei.com
lva-vpnemail.rei.com
lva-vpn-email.rei.com
lva-vpnsvc.rei.com
lva-vpn-svc.rei.com
lva-vpnbeta.rei.com
lva-vpn-beta.rei.com
lva-vpnbackend.rei.com
lva-vpn-backend.rei.com
lva-vpnoid.rei.com
lva-vpn-oid.rei.com
lva-vpncontainer.rei.com
lva-vpn-container.rei.com
lva-vpnv.rei.com
lva-vpn-v.rei.com
lva-vpnlax.rei.com
lva-vpn-lax.rei.com
lva-vpnpayment.rei.com
lva-vpn-payment.rei.com
lva-vpnvpn.rei.com
lva-vpn-vpn.rei.com
lva-vpnproxy.rei.com
lva-vpn-proxy.rei.com
lva-vpnlegacy.rei.com
lva-vpn-legacy.rei.com
lva-vpnmirror.rei.com
lva-vpn-mirror.rei.com
lva-vpnlva-vpn.rei.com
lva-vpn-lva-vpn.rei.com
lva-vpnstaging.rei.com
lva-vpn-staging.rei.com
lva-vpntest.rei.com
lva-vpn-test.rei.com
lva-vpnadmins.rei.com
lva-vpn-admins.rei.com
lva-vpnsandbox.rei.com
lva-vpn-sandbox.rei.com
lva-vpndeveloper.rei.com
lva-vpn-developer.rei.com
lva-vpnus.rei.com
lva-vpn-us.rei.com
lva-vpnapi-docs.rei.com
lva-vpn-api-docs.rei.com
lva-vpnlatin.rei.com
lva-vpn-latin.rei.com
lva-vpnrestricted.rei.com
lva-vpn-restricted.rei.com
lva-vpnnet.rei.com
lva-vpn-net.rei.com
lva-vpnjenkins.rei.com
lva-vpn-jenkins.rei.com
lva-vpnapplication.rei.com
lva-vpn-application.rei.com
lva-vpnnorthamerica.rei.com
lva-vpn-northamerica.rei.com
lva-vpnweb.rei.com
lva-vpn-web.rei.com
lva-vpnreset.rei.com
lva-vpn-reset.rei.com
lva-vpnchef.rei.com
lva-vpn-chef.rei.com
lva-vpntomcat.rei.com
lva-vpn-tomcat.rei.com
lva-vpnpartner.rei.com
lva-vpn-partner.rei.com
lva-vpndocker.rei.com
lva-vpn-docker.rei.com
lva-vpnloadbalancer.rei.com
lva-vpn-loadbalancer.rei.com
lva-vpnadministrator.rei.com
lva-vpn-administrator.rei.com
lva-vpnsigned.rei.com
lva-vpn-signed.rei.com
lva-vpnids.rei.com
lva-vpn-ids.rei.com
lva-vpnv2.rei.com
lva-vpn-v2.rei.com
lva-vpnlb.rei.com
lva-vpn-lb.rei.com
lva-vpnscm.rei.com
lva-vpn-scm.rei.com
lva-vpnaccount.rei.com
lva-vpn-account.rei.com
lva-vpnpromo.rei.com
lva-vpn-promo.rei.com
lva-vpnhw.rei.com
lva-vpn-hw.rei.com
lva-vpnserver.rei.com
lva-vpn-server.rei.com
lva-vpncdn.rei.com
lva-vpn-cdn.rei.com
lva-vpngateway.rei.com
lva-vpn-gateway.rei.com
lva-vpnprod.rei.com
lva-vpn-prod.rei.com
lva-vpnstatic.rei.com
lva-vpn-static.rei.com
lva-vpnsupport.rei.com
lva-vpn-support.rei.com
lva-vpnpriv.rei.com
lva-vpn-priv.rei.com
lva-vpnprofiles.rei.com
lva-vpn-profiles.rei.com
lva-vpnaws.rei.com
lva-vpn-aws.rei.com
lva-vpnint.rei.com
lva-vpn-int.rei.com
lva-vpnpreview.rei.com
lva-vpn-preview.rei.com
lva-vpnengineering.rei.com
lva-vpn-engineering.rei.com
lva-vpnstaff.rei.com
lva-vpn-staff.rei.com
lva-vpnadministrators.rei.com
lva-vpn-administrators.rei.com
lva-vpnanalytics.rei.com
lva-vpn-analytics.rei.com
lva-vpntoolbar.rei.com
lva-vpn-toolbar.rei.com
lva-vpnsystem.rei.com
lva-vpn-system.rei.com
lva-vpncms.rei.com
lva-vpn-cms.rei.com
lva-vpncvs.rei.com
lva-vpn-cvs.rei.com
lva-vpndevops.rei.com
lva-vpn-devops.rei.com
lva-vpnconfluence.rei.com
lva-vpn-confluence.rei.com
lva-vpnnautilus.rei.com
lva-vpn-nautilus.rei.com
lva-vpnapp.rei.com
lva-vpn-app.rei.com
lva-vpndevelopment.rei.com
lva-vpn-development.rei.com
lva-vpnfirewall.rei.com
lva-vpn-firewall.rei.com
lva-vpnpage.rei.com
lva-vpn-page.rei.com
lva-vpnrepository.rei.com
lva-vpn-repository.rei.com
lva-vpndev.rei.com
lva-vpn-dev.rei.com
lva-vpnrepo.rei.com
lva-vpn-repo.rei.com
lva-vpntraining.rei.com
lva-vpn-training.rei.com
lva-vpncloudfront.rei.com
lva-vpn-cloudfront.rei.com
lva-vpnregion.rei.com
lva-vpn-region.rei.com
lva-vpntpe.rei.com
lva-vpn-tpe.rei.com
lva-vpnskins.rei.com
lva-vpn-skins.rei.com
lva-vpnnginx.rei.com
lva-vpn-nginx.rei.com
lva-vpnaccounting.rei.com
lva-vpn-accounting.rei.com
lva-vpnwebapp.rei.com
lva-vpn-webapp.rei.com
lva-vpnmail.rei.com
lva-vpn-mail.rei.com
lva-vpnmachine.rei.com
lva-vpn-machine.rei.com
lva-vpnpantheon.rei.com
lva-vpn-pantheon.rei.com
lva-vpninternal.rei.com
lva-vpn-internal.rei.com
lva-vpntestbed.rei.com
lva-vpn-testbed.rei.com
lva-vpnphp.rei.com
lva-vpn-php.rei.com
lva-vpnazure.rei.com
lva-vpn-azure.rei.com
lva-vpnstage.rei.com
lva-vpn-stage.rei.com
lva-vpnredirector.rei.com
lva-vpn-redirector.rei.com
lva-vpnstg.rei.com
lva-vpn-stg.rei.com
lva-vpnedge.rei.com
lva-vpn-edge.rei.com
lva-vpnmetrics.rei.com
lva-vpn-metrics.rei.com
lva-vpnbucket.rei.com
lva-vpn-bucket.rei.com
lva-vpneuropewest.rei.com
lva-vpn-europewest.rei.com
lva-vpncontrol.rei.com
lva-vpn-control.rei.com
lva-vpngw.rei.com
lva-vpn-gw.rei.com
lva-vpnemea.rei.com
lva-vpn-emea.rei.com
lva-vpnapi.rei.com
lva-vpn-api.rei.com
lva-vpneng.rei.com
lva-vpn-eng.rei.com
lva-vpndata.rei.com
lva-vpn-data.rei.com
lva-vpnchd.rei.com
lva-vpn-chd.rei.com
lva-vpnprivate.rei.com
lva-vpn-private.rei.com
lva-vpnapac.rei.com
lva-vpn-apac.rei.com
lva-vpnproduction.rei.com
lva-vpn-production.rei.com
lva-vpnelastic.rei.com
lva-vpn-elastic.rei.com
lva-vpnbrand.rei.com
lva-vpn-brand.rei.com
lva-vpntwitch.rei.com
lva-vpn-twitch.rei.com
lva-vpnpass.rei.com
lva-vpn-pass.rei.com
lva-vpnfrontpage.rei.com
lva-vpn-frontpage.rei.com
lva-vpnraw.rei.com
lva-vpn-raw.rei.com
lva-vpnclient.rei.com
lva-vpn-client.rei.com
lva-vpngit.rei.com
lva-vpn-git.rei.com
lva-vpnext.rei.com
lva-vpn-ext.rei.com
lva-vpnservice.rei.com
lva-vpn-service.rei.com
lva-vpnbilling.rei.com
lva-vpn-billing.rei.com
lva-vpnorigin.rei.com
lva-vpn-origin.rei.com
lva-vpnci.rei.com
lva-vpn-ci.rei.com
lva-vpnglobal.rei.com
lva-vpn-global.rei.com
lva-vpns3.rei.com
lva-vpn-s3.rei.com
lva-vpnelasticbeanstalk.rei.com
lva-vpn-elasticbeanstalk.rei.com
lva-vpngh.rei.com
lva-vpn-gh.rei.com
lva-vpnnode.rei.com
lva-vpn-node.rei.com
lva-vpnauth.rei.com
lva-vpn-auth.rei.com
lva-vpnsecure.rei.com
lva-vpn-secure.rei.com
lva-vpngist.rei.com
lva-vpn-gist.rei.com
lva-vpnhwcdn.rei.com
lva-vpn-hwcdn.rei.com
lva-vpniad.rei.com
lva-vpn-iad.rei.com
lva-vpnswagger.rei.com
lva-vpn-swagger.rei.com
lva-vpnpay.rei.com
lva-vpn-pay.rei.com
lva-vpnv1.rei.com
lva-vpn-v1.rei.com
lva-vpnfw.rei.com
lva-vpn-fw.rei.com
lva-vpnghcpi.rei.com
lva-vpn-ghcpi.rei.com
lva-vpnlogin.rei.com
lva-vpn-login.rei.com
lva-vpngithub.rei.com
lva-vpn-github.rei.com
lva-vpnfeedback.rei.com
lva-vpn-feedback.rei.com
lva-vpnops.rei.com
lva-vpn-ops.rei.com
lva-vpndevs.rei.com
lva-vpn-devs.rei.com
lva-vpnsvcgateway.rei.com
lva-vpn-svcgateway.rei.com
lva-vpnw3.rei.com
lva-vpn-w3.rei.com
lva-vpnacc.rei.com
lva-vpn-acc.rei.com
lva-vpnengine.rei.com
lva-vpn-engine.rei.com
lva-vpnalpha.rei.com
lva-vpn-alpha.rei.com
lva-vpnproductions.rei.com
lva-vpn-productions.rei.com
europe.rei.com
profile.rei.com
cgi.rei.com
file.rei.com
redir.rei.com
resetdata.rei.com
cert.rei.com
team.rei.com
admin.rei.com
disabled.rei.com
org.rei.com
testing.rei.com
help.rei.com
search.rei.com
gitlab.rei.com
adm.rei.com
train.rei.com
apache.rei.com
ssl.rei.com
trial.rei.com
docsdrop.rei.com
events.rei.com
security.rei.com
lab.rei.com
v3.rei.com
demo.rei.com
email.rei.com
svc.rei.com
beta.rei.com
backend.rei.com
oid.rei.com
container.rei.com
v.rei.com
lax.rei.com
payment.rei.com
vpn.rei.com
proxy.rei.com
legacy.rei.com
mirror.rei.com
staging.rei.com
test.rei.com
admins.rei.com
sandbox.rei.com
developer.rei.com
us.rei.com
api-docs.rei.com
latin.rei.com
restricted.rei.com
net.rei.com
jenkins.rei.com
application.rei.com
northamerica.rei.com
web.rei.com
reset.rei.com
chef.rei.com
tomcat.rei.com
partner.rei.com
docker.rei.com
loadbalancer.rei.com
administrator.rei.com
signed.rei.com
ids.rei.com
v2.rei.com
lb.rei.com
scm.rei.com
account.rei.com
promo.rei.com
hw.rei.com
server.rei.com
cdn.rei.com
gateway.rei.com
prod.rei.com
static.rei.com
support.rei.com
priv.rei.com
profiles.rei.com
aws.rei.com
int.rei.com
preview.rei.com
engineering.rei.com
staff.rei.com
administrators.rei.com
analytics.rei.com
toolbar.rei.com
system.rei.com
cms.rei.com
cvs.rei.com
devops.rei.com
confluence.rei.com
nautilus.rei.com
app.rei.com
development.rei.com
firewall.rei.com
page.rei.com
repository.rei.com
dev.rei.com
repo.rei.com
training.rei.com
cloudfront.rei.com
region.rei.com
tpe.rei.com
skins.rei.com
nginx.rei.com
accounting.rei.com
webapp.rei.com
mail.rei.com
machine.rei.com
pantheon.rei.com
internal.rei.com
testbed.rei.com
php.rei.com
azure.rei.com
stage.rei.com
redirector.rei.com
stg.rei.com
edge.rei.com
metrics.rei.com
bucket.rei.com
europewest.rei.com
control.rei.com
gw.rei.com
emea.rei.com
api.rei.com
eng.rei.com
data.rei.com
chd.rei.com
private.rei.com
apac.rei.com
production.rei.com
elastic.rei.com
brand.rei.com
twitch.rei.com
pass.rei.com
frontpage.rei.com
raw.rei.com
client.rei.com
git.rei.com
ext.rei.com
service.rei.com
billing.rei.com
origin.rei.com
ci.rei.com
global.rei.com
s3.rei.com
elasticbeanstalk.rei.com
gh.rei.com
node.rei.com
auth.rei.com
secure.rei.com
gist.rei.com
hwcdn.rei.com
iad.rei.com
swagger.rei.com
pay.rei.com
v1.rei.com
fw.rei.com
ghcpi.rei.com
login.rei.com
github.rei.com
feedback.rei.com
ops.rei.com
devs.rei.com
svcgateway.rei.com
w3.rei.com
acc.rei.com
engine.rei.com
alpha.rei.com
productions.rei.com
europe.feedback.rei.com
feedback.europe.rei.com
profile.feedback.rei.com
feedback.profile.rei.com
cgi.feedback.rei.com
feedback.cgi.rei.com
file.feedback.rei.com
feedback.file.rei.com
redir.feedback.rei.com
feedback.redir.rei.com
resetdata.feedback.rei.com
feedback.resetdata.rei.com
cert.feedback.rei.com
feedback.cert.rei.com
team.feedback.rei.com
feedback.team.rei.com
admin.feedback.rei.com
feedback.admin.rei.com
disabled.feedback.rei.com
feedback.disabled.rei.com
org.feedback.rei.com
feedback.org.rei.com
testing.feedback.rei.com
feedback.testing.rei.com
help.feedback.rei.com
feedback.help.rei.com
search.feedback.rei.com
feedback.search.rei.com
gitlab.feedback.rei.com
feedback.gitlab.rei.com
adm.feedback.rei.com
feedback.adm.rei.com
train.feedback.rei.com
feedback.train.rei.com
apache.feedback.rei.com
feedback.apache.rei.com
ssl.feedback.rei.com
feedback.ssl.rei.com
trial.feedback.rei.com
feedback.trial.rei.com
docsdrop.feedback.rei.com
feedback.docsdrop.rei.com
events.feedback.rei.com
feedback.events.rei.com
security.feedback.rei.com
feedback.security.rei.com
lab.feedback.rei.com
feedback.lab.rei.com
v3.feedback.rei.com
feedback.v3.rei.com
demo.feedback.rei.com
feedback.demo.rei.com
email.feedback.rei.com
feedback.email.rei.com
svc.feedback.rei.com
feedback.svc.rei.com
beta.feedback.rei.com
feedback.beta.rei.com
backend.feedback.rei.com
feedback.backend.rei.com
oid.feedback.rei.com
feedback.oid.rei.com
container.feedback.rei.com
feedback.container.rei.com
v.feedback.rei.com
feedback.v.rei.com
lax.feedback.rei.com
feedback.lax.rei.com
payment.feedback.rei.com
feedback.payment.rei.com
vpn.feedback.rei.com
feedback.vpn.rei.com
proxy.feedback.rei.com
feedback.proxy.rei.com
legacy.feedback.rei.com
feedback.legacy.rei.com
mirror.feedback.rei.com
feedback.mirror.rei.com
lva-vpn.feedback.rei.com
feedback.lva-vpn.rei.com
staging.feedback.rei.com
feedback.staging.rei.com
test.feedback.rei.com
feedback.test.rei.com
admins.feedback.rei.com
feedback.admins.rei.com
sandbox.feedback.rei.com
feedback.sandbox.rei.com
developer.feedback.rei.com
feedback.developer.rei.com
us.feedback.rei.com
feedback.us.rei.com
api-docs.feedback.rei.com
feedback.api-docs.rei.com
latin.feedback.rei.com
feedback.latin.rei.com
restricted.feedback.rei.com
feedback.restricted.rei.com
net.feedback.rei.com
feedback.net.rei.com
jenkins.feedback.rei.com
feedback.jenkins.rei.com
application.feedback.rei.com
feedback.application.rei.com
northamerica.feedback.rei.com
feedback.northamerica.rei.com
web.feedback.rei.com
feedback.web.rei.com
reset.feedback.rei.com
feedback.reset.rei.com
chef.feedback.rei.com
feedback.chef.rei.com
tomcat.feedback.rei.com
feedback.tomcat.rei.com
partner.feedback.rei.com
feedback.partner.rei.com
docker.feedback.rei.com
feedback.docker.rei.com
loadbalancer.feedback.rei.com
feedback.loadbalancer.rei.com
administrator.feedback.rei.com
feedback.administrator.rei.com
signed.feedback.rei.com
feedback.signed.rei.com
ids.feedback.rei.com
feedback.ids.rei.com
v2.feedback.rei.com
feedback.v2.rei.com
lb.feedback.rei.com
feedback.lb.rei.com
scm.feedback.rei.com
feedback.scm.rei.com
account.feedback.rei.com
feedback.account.rei.com
promo.feedback.rei.com
feedback.promo.rei.com
hw.feedback.rei.com
feedback.hw.rei.com
server.feedback.rei.com
feedback.server.rei.com
cdn.feedback.rei.com
feedback.cdn.rei.com
gateway.feedback.rei.com
feedback.gateway.rei.com
prod.feedback.rei.com
feedback.prod.rei.com
static.feedback.rei.com
feedback.static.rei.com
support.feedback.rei.com
feedback.support.rei.com
priv.feedback.rei.com
feedback.priv.rei.com
profiles.feedback.rei.com
feedback.profiles.rei.com
aws.feedback.rei.com
feedback.aws.rei.com
int.feedback.rei.com
feedback.int.rei.com
preview.feedback.rei.com
feedback.preview.rei.com
engineering.feedback.rei.com
feedback.engineering.rei.com
staff.feedback.rei.com
feedback.staff.rei.com
administrators.feedback.rei.com
feedback.administrators.rei.com
analytics.feedback.rei.com
feedback.analytics.rei.com
toolbar.feedback.rei.com
feedback.toolbar.rei.com
system.feedback.rei.com
feedback.system.rei.com
cms.feedback.rei.com
feedback.cms.rei.com
cvs.feedback.rei.com
feedback.cvs.rei.com
devops.feedback.rei.com
feedback.devops.rei.com
confluence.feedback.rei.com
feedback.confluence.rei.com
nautilus.feedback.rei.com
feedback.nautilus.rei.com
app.feedback.rei.com
feedback.app.rei.com
development.feedback.rei.com
feedback.development.rei.com
firewall.feedback.rei.com
feedback.firewall.rei.com
page.feedback.rei.com
feedback.page.rei.com
repository.feedback.rei.com
feedback.repository.rei.com
dev.feedback.rei.com
feedback.dev.rei.com
repo.feedback.rei.com
feedback.repo.rei.com
training.feedback.rei.com
feedback.training.rei.com
cloudfront.feedback.rei.com
feedback.cloudfront.rei.com
region.feedback.rei.com
feedback.region.rei.com
tpe.feedback.rei.com
feedback.tpe.rei.com
skins.feedback.rei.com
feedback.skins.rei.com
nginx.feedback.rei.com
feedback.nginx.rei.com
accounting.feedback.rei.com
feedback.accounting.rei.com
webapp.feedback.rei.com
feedback.webapp.rei.com
mail.feedback.rei.com
feedback.mail.rei.com
machine.feedback.rei.com
feedback.machine.rei.com
pantheon.feedback.rei.com
feedback.pantheon.rei.com
internal.feedback.rei.com
feedback.internal.rei.com
testbed.feedback.rei.com
feedback.testbed.rei.com
php.feedback.rei.com
feedback.php.rei.com
azure.feedback.rei.com
feedback.azure.rei.com
stage.feedback.rei.com
feedback.stage.rei.com
redirector.feedback.rei.com
feedback.redirector.rei.com
stg.feedback.rei.com
feedback.stg.rei.com
edge.feedback.rei.com
feedback.edge.rei.com
metrics.feedback.rei.com
feedback.metrics.rei.com
bucket.feedback.rei.com
feedback.bucket.rei.com
europewest.feedback.rei.com
feedback.europewest.rei.com
control.feedback.rei.com
feedback.control.rei.com
gw.feedback.rei.com
feedback.gw.rei.com
emea.feedback.rei.com
feedback.emea.rei.com
api.feedback.rei.com
feedback.api.rei.com
eng.feedback.rei.com
feedback.eng.rei.com
data.feedback.rei.com
feedback.data.rei.com
chd.feedback.rei.com
feedback.chd.rei.com
private.feedback.rei.com
feedback.private.rei.com
apac.feedback.rei.com
feedback.apac.rei.com
production.feedback.rei.com
feedback.production.rei.com
elastic.feedback.rei.com
feedback.elastic.rei.com
brand.feedback.rei.com
feedback.brand.rei.com
twitch.feedback.rei.com
feedback.twitch.rei.com
pass.feedback.rei.com
feedback.pass.rei.com
frontpage.feedback.rei.com
feedback.frontpage.rei.com
raw.feedback.rei.com
feedback.raw.rei.com
client.feedback.rei.com
feedback.client.rei.com
git.feedback.rei.com
feedback.git.rei.com
ext.feedback.rei.com
feedback.ext.rei.com
service.feedback.rei.com
feedback.service.rei.com
billing.feedback.rei.com
feedback.billing.rei.com
origin.feedback.rei.com
feedback.origin.rei.com
ci.feedback.rei.com
feedback.ci.rei.com
global.feedback.rei.com
feedback.global.rei.com
s3.feedback.rei.com
feedback.s3.rei.com
elasticbeanstalk.feedback.rei.com
feedback.elasticbeanstalk.rei.com
gh.feedback.rei.com
feedback.gh.rei.com
node.feedback.rei.com
feedback.node.rei.com
auth.feedback.rei.com
feedback.auth.rei.com
secure.feedback.rei.com
feedback.secure.rei.com
gist.feedback.rei.com
feedback.gist.rei.com
hwcdn.feedback.rei.com
feedback.hwcdn.rei.com
iad.feedback.rei.com
feedback.iad.rei.com
swagger.feedback.rei.com
feedback.swagger.rei.com
pay.feedback.rei.com
feedback.pay.rei.com
v1.feedback.rei.com
feedback.v1.rei.com
fw.feedback.rei.com
feedback.fw.rei.com
ghcpi.feedback.rei.com
feedback.ghcpi.rei.com
login.feedback.rei.com
feedback.login.rei.com
github.feedback.rei.com
feedback.github.rei.com
feedback.feedback.rei.com
feedback.feedback.rei.com
ops.feedback.rei.com
feedback.ops.rei.com
devs.feedback.rei.com
feedback.devs.rei.com
svcgateway.feedback.rei.com
feedback.svcgateway.rei.com
w3.feedback.rei.com
feedback.w3.rei.com
acc.feedback.rei.com
feedback.acc.rei.com
engine.feedback.rei.com
feedback.engine.rei.com
alpha.feedback.rei.com
feedback.alpha.rei.com
productions.feedback.rei.com
feedback.productions.rei.com
europefeedback.rei.com
europe-feedback.rei.com
profilefeedback.rei.com
profile-feedback.rei.com
cgifeedback.rei.com
cgi-feedback.rei.com
filefeedback.rei.com
file-feedback.rei.com
redirfeedback.rei.com
redir-feedback.rei.com
resetdatafeedback.rei.com
resetdata-feedback.rei.com
certfeedback.rei.com
cert-feedback.rei.com
teamfeedback.rei.com
team-feedback.rei.com
adminfeedback.rei.com
admin-feedback.rei.com
disabledfeedback.rei.com
disabled-feedback.rei.com
orgfeedback.rei.com
org-feedback.rei.com
testingfeedback.rei.com
testing-feedback.rei.com
helpfeedback.rei.com
help-feedback.rei.com
searchfeedback.rei.com
search-feedback.rei.com
gitlabfeedback.rei.com
gitlab-feedback.rei.com
admfeedback.rei.com
adm-feedback.rei.com
trainfeedback.rei.com
train-feedback.rei.com
apachefeedback.rei.com
apache-feedback.rei.com
sslfeedback.rei.com
ssl-feedback.rei.com
trialfeedback.rei.com
trial-feedback.rei.com
docsdropfeedback.rei.com
docsdrop-feedback.rei.com
eventsfeedback.rei.com
events-feedback.rei.com
securityfeedback.rei.com
security-feedback.rei.com
labfeedback.rei.com
lab-feedback.rei.com
v3feedback.rei.com
v3-feedback.rei.com
demofeedback.rei.com
demo-feedback.rei.com
emailfeedback.rei.com
email-feedback.rei.com
svcfeedback.rei.com
svc-feedback.rei.com
betafeedback.rei.com
beta-feedback.rei.com
backendfeedback.rei.com
backend-feedback.rei.com
oidfeedback.rei.com
oid-feedback.rei.com
containerfeedback.rei.com
container-feedback.rei.com
vfeedback.rei.com
v-feedback.rei.com
laxfeedback.rei.com
lax-feedback.rei.com
paymentfeedback.rei.com
payment-feedback.rei.com
vpnfeedback.rei.com
vpn-feedback.rei.com
proxyfeedback.rei.com
proxy-feedback.rei.com
legacyfeedback.rei.com
legacy-feedback.rei.com
mirrorfeedback.rei.com
mirror-feedback.rei.com
lva-vpnfeedback.rei.com
lva-vpn-feedback.rei.com
stagingfeedback.rei.com
staging-feedback.rei.com
testfeedback.rei.com
test-feedback.rei.com
adminsfeedback.rei.com
admins-feedback.rei.com
sandboxfeedback.rei.com
sandbox-feedback.rei.com
developerfeedback.rei.com
developer-feedback.rei.com
usfeedback.rei.com
us-feedback.rei.com
api-docsfeedback.rei.com
api-docs-feedback.rei.com
latinfeedback.rei.com
latin-feedback.rei.com
restrictedfeedback.rei.com
restricted-feedback.rei.com
netfeedback.rei.com
net-feedback.rei.com
jenkinsfeedback.rei.com
jenkins-feedback.rei.com
applicationfeedback.rei.com
application-feedback.rei.com
northamericafeedback.rei.com
northamerica-feedback.rei.com
webfeedback.rei.com
web-feedback.rei.com
resetfeedback.rei.com
reset-feedback.rei.com
cheffeedback.rei.com
chef-feedback.rei.com
tomcatfeedback.rei.com
tomcat-feedback.rei.com
partnerfeedback.rei.com
partner-feedback.rei.com
dockerfeedback.rei.com
docker-feedback.rei.com
loadbalancerfeedback.rei.com
loadbalancer-feedback.rei.com
administratorfeedback.rei.com
administrator-feedback.rei.com
signedfeedback.rei.com
signed-feedback.rei.com
idsfeedback.rei.com
ids-feedback.rei.com
v2feedback.rei.com
v2-feedback.rei.com
lbfeedback.rei.com
lb-feedback.rei.com
scmfeedback.rei.com
scm-feedback.rei.com
accountfeedback.rei.com
account-feedback.rei.com
promofeedback.rei.com
promo-feedback.rei.com
hwfeedback.rei.com
hw-feedback.rei.com
serverfeedback.rei.com
server-feedback.rei.com
cdnfeedback.rei.com
cdn-feedback.rei.com
gatewayfeedback.rei.com
gateway-feedback.rei.com
prodfeedback.rei.com
prod-feedback.rei.com
staticfeedback.rei.com
static-feedback.rei.com
supportfeedback.rei.com
support-feedback.rei.com
privfeedback.rei.com
priv-feedback.rei.com
profilesfeedback.rei.com
profiles-feedback.rei.com
awsfeedback.rei.com
aws-feedback.rei.com
intfeedback.rei.com
int-feedback.rei.com
previewfeedback.rei.com
preview-feedback.rei.com
engineeringfeedback.rei.com
engineering-feedback.rei.com
stafffeedback.rei.com
staff-feedback.rei.com
administratorsfeedback.rei.com
administrators-feedback.rei.com
analyticsfeedback.rei.com
analytics-feedback.rei.com
toolbarfeedback.rei.com
toolbar-feedback.rei.com
systemfeedback.rei.com
system-feedback.rei.com
cmsfeedback.rei.com
cms-feedback.rei.com
cvsfeedback.rei.com
cvs-feedback.rei.com
devopsfeedback.rei.com
devops-feedback.rei.com
confluencefeedback.rei.com
confluence-feedback.rei.com
nautilusfeedback.rei.com
nautilus-feedback.rei.com
appfeedback.rei.com
app-feedback.rei.com
developmentfeedback.rei.com
development-feedback.rei.com
firewallfeedback.rei.com
firewall-feedback.rei.com
pagefeedback.rei.com
page-feedback.rei.com
repositoryfeedback.rei.com
repository-feedback.rei.com
devfeedback.rei.com
dev-feedback.rei.com
repofeedback.rei.com
repo-feedback.rei.com
trainingfeedback.rei.com
training-feedback.rei.com
cloudfrontfeedback.rei.com
cloudfront-feedback.rei.com
regionfeedback.rei.com
region-feedback.rei.com
tpefeedback.rei.com
tpe-feedback.rei.com
skinsfeedback.rei.com
skins-feedback.rei.com
nginxfeedback.rei.com
nginx-feedback.rei.com
accountingfeedback.rei.com
accounting-feedback.rei.com
webappfeedback.rei.com
webapp-feedback.rei.com
mailfeedback.rei.com
mail-feedback.rei.com
machinefeedback.rei.com
machine-feedback.rei.com
pantheonfeedback.rei.com
pantheon-feedback.rei.com
internalfeedback.rei.com
internal-feedback.rei.com
testbedfeedback.rei.com
testbed-feedback.rei.com
phpfeedback.rei.com
php-feedback.rei.com
azurefeedback.rei.com
azure-feedback.rei.com
stagefeedback.rei.com
stage-feedback.rei.com
redirectorfeedback.rei.com
redirector-feedback.rei.com
stgfeedback.rei.com
stg-feedback.rei.com
edgefeedback.rei.com
edge-feedback.rei.com
metricsfeedback.rei.com
metrics-feedback.rei.com
bucketfeedback.rei.com
bucket-feedback.rei.com
europewestfeedback.rei.com
europewest-feedback.rei.com
controlfeedback.rei.com
control-feedback.rei.com
gwfeedback.rei.com
gw-feedback.rei.com
emeafeedback.rei.com
emea-feedback.rei.com
apifeedback.rei.com
api-feedback.rei.com
engfeedback.rei.com
eng-feedback.rei.com
datafeedback.rei.com
data-feedback.rei.com
chdfeedback.rei.com
chd-feedback.rei.com
privatefeedback.rei.com
private-feedback.rei.com
apacfeedback.rei.com
apac-feedback.rei.com
productionfeedback.rei.com
production-feedback.rei.com
elasticfeedback.rei.com
elastic-feedback.rei.com
brandfeedback.rei.com
brand-feedback.rei.com
twitchfeedback.rei.com
twitch-feedback.rei.com
passfeedback.rei.com
pass-feedback.rei.com
frontpagefeedback.rei.com
frontpage-feedback.rei.com
rawfeedback.rei.com
raw-feedback.rei.com
clientfeedback.rei.com
client-feedback.rei.com
gitfeedback.rei.com
git-feedback.rei.com
extfeedback.rei.com
ext-feedback.rei.com
servicefeedback.rei.com
service-feedback.rei.com
billingfeedback.rei.com
billing-feedback.rei.com
originfeedback.rei.com
origin-feedback.rei.com
cifeedback.rei.com
ci-feedback.rei.com
globalfeedback.rei.com
global-feedback.rei.com
s3feedback.rei.com
s3-feedback.rei.com
elasticbeanstalkfeedback.rei.com
elasticbeanstalk-feedback.rei.com
ghfeedback.rei.com
gh-feedback.rei.com
nodefeedback.rei.com
node-feedback.rei.com
authfeedback.rei.com
auth-feedback.rei.com
securefeedback.rei.com
secure-feedback.rei.com
gistfeedback.rei.com
gist-feedback.rei.com
hwcdnfeedback.rei.com
hwcdn-feedback.rei.com
iadfeedback.rei.com
iad-feedback.rei.com
swaggerfeedback.rei.com
swagger-feedback.rei.com
payfeedback.rei.com
pay-feedback.rei.com
v1feedback.rei.com
v1-feedback.rei.com
fwfeedback.rei.com
fw-feedback.rei.com
ghcpifeedback.rei.com
ghcpi-feedback.rei.com
loginfeedback.rei.com
login-feedback.rei.com
githubfeedback.rei.com
github-feedback.rei.com
feedbackfeedback.rei.com
feedback-feedback.rei.com
opsfeedback.rei.com
ops-feedback.rei.com
devsfeedback.rei.com
devs-feedback.rei.com
svcgatewayfeedback.rei.com
svcgateway-feedback.rei.com
w3feedback.rei.com
w3-feedback.rei.com
accfeedback.rei.com
acc-feedback.rei.com
enginefeedback.rei.com
engine-feedback.rei.com
alphafeedback.rei.com
alpha-feedback.rei.com
productionsfeedback.rei.com
productions-feedback.rei.com
feedbackeurope.rei.com
feedback-europe.rei.com
feedbackprofile.rei.com
feedback-profile.rei.com
feedbackcgi.rei.com
feedback-cgi.rei.com
feedbackfile.rei.com
feedback-file.rei.com
feedbackredir.rei.com
feedback-redir.rei.com
feedbackresetdata.rei.com
feedback-resetdata.rei.com
feedbackcert.rei.com
feedback-cert.rei.com
feedbackteam.rei.com
feedback-team.rei.com
feedbackadmin.rei.com
feedback-admin.rei.com
feedbackdisabled.rei.com
feedback-disabled.rei.com
feedbackorg.rei.com
feedback-org.rei.com
feedbacktesting.rei.com
feedback-testing.rei.com
feedbackhelp.rei.com
feedback-help.rei.com
feedbacksearch.rei.com
feedback-search.rei.com
feedbackgitlab.rei.com
feedback-gitlab.rei.com
feedbackadm.rei.com
feedback-adm.rei.com
feedbacktrain.rei.com
feedback-train.rei.com
feedbackapache.rei.com
feedback-apache.rei.com
feedbackssl.rei.com
feedback-ssl.rei.com
feedbacktrial.rei.com
feedback-trial.rei.com
feedbackdocsdrop.rei.com
feedback-docsdrop.rei.com
feedbackevents.rei.com
feedback-events.rei.com
feedbacksecurity.rei.com
feedback-security.rei.com
feedbacklab.rei.com
feedback-lab.rei.com
feedbackv3.rei.com
feedback-v3.rei.com
feedbackdemo.rei.com
feedback-demo.rei.com
feedbackemail.rei.com
feedback-email.rei.com
feedbacksvc.rei.com
feedback-svc.rei.com
feedbackbeta.rei.com
feedback-beta.rei.com
feedbackbackend.rei.com
feedback-backend.rei.com
feedbackoid.rei.com
feedback-oid.rei.com
feedbackcontainer.rei.com
feedback-container.rei.com
feedbackv.rei.com
feedback-v.rei.com
feedbacklax.rei.com
feedback-lax.rei.com
feedbackpayment.rei.com
feedback-payment.rei.com
feedbackvpn.rei.com
feedback-vpn.rei.com
feedbackproxy.rei.com
feedback-proxy.rei.com
feedbacklegacy.rei.com
feedback-legacy.rei.com
feedbackmirror.rei.com
feedback-mirror.rei.com
feedbacklva-vpn.rei.com
feedback-lva-vpn.rei.com
feedbackstaging.rei.com
feedback-staging.rei.com
feedbacktest.rei.com
feedback-test.rei.com
feedbackadmins.rei.com
feedback-admins.rei.com
feedbacksandbox.rei.com
feedback-sandbox.rei.com
feedbackdeveloper.rei.com
feedback-developer.rei.com
feedbackus.rei.com
feedback-us.rei.com
feedbackapi-docs.rei.com
feedback-api-docs.rei.com
feedbacklatin.rei.com
feedback-latin.rei.com
feedbackrestricted.rei.com
feedback-restricted.rei.com
feedbacknet.rei.com
feedback-net.rei.com
feedbackjenkins.rei.com
feedback-jenkins.rei.com
feedbackapplication.rei.com
feedback-application.rei.com
feedbacknorthamerica.rei.com
feedback-northamerica.rei.com
feedbackweb.rei.com
feedback-web.rei.com
feedbackreset.rei.com
feedback-reset.rei.com
feedbackchef.rei.com
feedback-chef.rei.com
feedbacktomcat.rei.com
feedback-tomcat.rei.com
feedbackpartner.rei.com
feedback-partner.rei.com
feedbackdocker.rei.com
feedback-docker.rei.com
feedbackloadbalancer.rei.com
feedback-loadbalancer.rei.com
feedbackadministrator.rei.com
feedback-administrator.rei.com
feedbacksigned.rei.com
feedback-signed.rei.com
feedbackids.rei.com
feedback-ids.rei.com
feedbackv2.rei.com
feedback-v2.rei.com
feedbacklb.rei.com
feedback-lb.rei.com
feedbackscm.rei.com
feedback-scm.rei.com
feedbackaccount.rei.com
feedback-account.rei.com
feedbackpromo.rei.com
feedback-promo.rei.com
feedbackhw.rei.com
feedback-hw.rei.com
feedbackserver.rei.com
feedback-server.rei.com
feedbackcdn.rei.com
feedback-cdn.rei.com
feedbackgateway.rei.com
feedback-gateway.rei.com
feedbackprod.rei.com
feedback-prod.rei.com
feedbackstatic.rei.com
feedback-static.rei.com
feedbacksupport.rei.com
feedback-support.rei.com
feedbackpriv.rei.com
feedback-priv.rei.com
feedbackprofiles.rei.com
feedback-profiles.rei.com
feedbackaws.rei.com
feedback-aws.rei.com
feedbackint.rei.com
feedback-int.rei.com
feedbackpreview.rei.com
feedback-preview.rei.com
feedbackengineering.rei.com
feedback-engineering.rei.com
feedbackstaff.rei.com
feedback-staff.rei.com
feedbackadministrators.rei.com
feedback-administrators.rei.com
feedbackanalytics.rei.com
feedback-analytics.rei.com
feedbacktoolbar.rei.com
feedback-toolbar.rei.com
feedbacksystem.rei.com
feedback-system.rei.com
feedbackcms.rei.com
feedback-cms.rei.com
feedbackcvs.rei.com
feedback-cvs.rei.com
feedbackdevops.rei.com
feedback-devops.rei.com
feedbackconfluence.rei.com
feedback-confluence.rei.com
feedbacknautilus.rei.com
feedback-nautilus.rei.com
feedbackapp.rei.com
feedback-app.rei.com
feedbackdevelopment.rei.com
feedback-development.rei.com
feedbackfirewall.rei.com
feedback-firewall.rei.com
feedbackpage.rei.com
feedback-page.rei.com
feedbackrepository.rei.com
feedback-repository.rei.com
feedbackdev.rei.com
feedback-dev.rei.com
feedbackrepo.rei.com
feedback-repo.rei.com
feedbacktraining.rei.com
feedback-training.rei.com
feedbackcloudfront.rei.com
feedback-cloudfront.rei.com
feedbackregion.rei.com
feedback-region.rei.com
feedbacktpe.rei.com
feedback-tpe.rei.com
feedbackskins.rei.com
feedback-skins.rei.com
feedbacknginx.rei.com
feedback-nginx.rei.com
feedbackaccounting.rei.com
feedback-accounting.rei.com
feedbackwebapp.rei.com
feedback-webapp.rei.com
feedbackmail.rei.com
feedback-mail.rei.com
feedbackmachine.rei.com
feedback-machine.rei.com
feedbackpantheon.rei.com
feedback-pantheon.rei.com
feedbackinternal.rei.com
feedback-internal.rei.com
feedbacktestbed.rei.com
feedback-testbed.rei.com
feedbackphp.rei.com
feedback-php.rei.com
feedbackazure.rei.com
feedback-azure.rei.com
feedbackstage.rei.com
feedback-stage.rei.com
feedbackredirector.rei.com
feedback-redirector.rei.com
feedbackstg.rei.com
feedback-stg.rei.com
feedbackedge.rei.com
feedback-edge.rei.com
feedbackmetrics.rei.com
feedback-metrics.rei.com
feedbackbucket.rei.com
feedback-bucket.rei.com
feedbackeuropewest.rei.com
feedback-europewest.rei.com
feedbackcontrol.rei.com
feedback-control.rei.com
feedbackgw.rei.com
feedback-gw.rei.com
feedbackemea.rei.com
feedback-emea.rei.com
feedbackapi.rei.com
feedback-api.rei.com
feedbackeng.rei.com
feedback-eng.rei.com
feedbackdata.rei.com
feedback-data.rei.com
feedbackchd.rei.com
feedback-chd.rei.com
feedbackprivate.rei.com
feedback-private.rei.com
feedbackapac.rei.com
feedback-apac.rei.com
feedbackproduction.rei.com
feedback-production.rei.com
feedbackelastic.rei.com
feedback-elastic.rei.com
feedbackbrand.rei.com
feedback-brand.rei.com
feedbacktwitch.rei.com
feedback-twitch.rei.com
feedbackpass.rei.com
feedback-pass.rei.com
feedbackfrontpage.rei.com
feedback-frontpage.rei.com
feedbackraw.rei.com
feedback-raw.rei.com
feedbackclient.rei.com
feedback-client.rei.com
feedbackgit.rei.com
feedback-git.rei.com
feedbackext.rei.com
feedback-ext.rei.com
feedbackservice.rei.com
feedback-service.rei.com
feedbackbilling.rei.com
feedback-billing.rei.com
feedbackorigin.rei.com
feedback-origin.rei.com
feedbackci.rei.com
feedback-ci.rei.com
feedbackglobal.rei.com
feedback-global.rei.com
feedbacks3.rei.com
feedback-s3.rei.com
feedbackelasticbeanstalk.rei.com
feedback-elasticbeanstalk.rei.com
feedbackgh.rei.com
feedback-gh.rei.com
feedbacknode.rei.com
feedback-node.rei.com
feedbackauth.rei.com
feedback-auth.rei.com
feedbacksecure.rei.com
feedback-secure.rei.com
feedbackgist.rei.com
feedback-gist.rei.com
feedbackhwcdn.rei.com
feedback-hwcdn.rei.com
feedbackiad.rei.com
feedback-iad.rei.com
feedbackswagger.rei.com
feedback-swagger.rei.com
feedbackpay.rei.com
feedback-pay.rei.com
feedbackv1.rei.com
feedback-v1.rei.com
feedbackfw.rei.com
feedback-fw.rei.com
feedbackghcpi.rei.com
feedback-ghcpi.rei.com
feedbacklogin.rei.com
feedback-login.rei.com
feedbackgithub.rei.com
feedback-github.rei.com
feedbackfeedback.rei.com
feedback-feedback.rei.com
feedbackops.rei.com
feedback-ops.rei.com
feedbackdevs.rei.com
feedback-devs.rei.com
feedbacksvcgateway.rei.com
feedback-svcgateway.rei.com
feedbackw3.rei.com
feedback-w3.rei.com
feedbackacc.rei.com
feedback-acc.rei.com
feedbackengine.rei.com
feedback-engine.rei.com
feedbackalpha.rei.com
feedback-alpha.rei.com
feedbackproductions.rei.com
feedback-productions.rei.com
europe.rei.com
profile.rei.com
cgi.rei.com
file.rei.com
redir.rei.com
resetdata.rei.com
cert.rei.com
team.rei.com
admin.rei.com
disabled.rei.com
org.rei.com
testing.rei.com
help.rei.com
search.rei.com
gitlab.rei.com
adm.rei.com
train.rei.com
apache.rei.com
ssl.rei.com
trial.rei.com
docsdrop.rei.com
events.rei.com
security.rei.com
lab.rei.com
v3.rei.com
demo.rei.com
email.rei.com
svc.rei.com
beta.rei.com
backend.rei.com
oid.rei.com
container.rei.com
v.rei.com
lax.rei.com
payment.rei.com
vpn.rei.com
proxy.rei.com
legacy.rei.com
mirror.rei.com
lva-vpn.rei.com
staging.rei.com
test.rei.com
admins.rei.com
sandbox.rei.com
developer.rei.com
us.rei.com
api-docs.rei.com
latin.rei.com
restricted.rei.com
net.rei.com
jenkins.rei.com
application.rei.com
northamerica.rei.com
web.rei.com
reset.rei.com
chef.rei.com
tomcat.rei.com
partner.rei.com
docker.rei.com
loadbalancer.rei.com
administrator.rei.com
signed.rei.com
ids.rei.com
v2.rei.com
lb.rei.com
scm.rei.com
account.rei.com
promo.rei.com
hw.rei.com
server.rei.com
cdn.rei.com
gateway.rei.com
prod.rei.com
static.rei.com
support.rei.com
priv.rei.com
profiles.rei.com
aws.rei.com
int.rei.com
preview.rei.com
engineering.rei.com
staff.rei.com
administrators.rei.com
analytics.rei.com
toolbar.rei.com
system.rei.com
cms.rei.com
cvs.rei.com
devops.rei.com
confluence.rei.com
nautilus.rei.com
app.rei.com
development.rei.com
firewall.rei.com
page.rei.com
repository.rei.com
dev.rei.com
repo.rei.com
training.rei.com
cloudfront.rei.com
region.rei.com
tpe.rei.com
skins.rei.com
nginx.rei.com
accounting.rei.com
webapp.rei.com
mail.rei.com
machine.rei.com
pantheon.rei.com
internal.rei.com
testbed.rei.com
php.rei.com
azure.rei.com
stage.rei.com
redirector.rei.com
stg.rei.com
edge.rei.com
metrics.rei.com
bucket.rei.com
europewest.rei.com
control.rei.com
gw.rei.com
emea.rei.com
api.rei.com
eng.rei.com
data.rei.com
chd.rei.com
private.rei.com
apac.rei.com
production.rei.com
elastic.rei.com
brand.rei.com
twitch.rei.com
pass.rei.com
frontpage.rei.com
raw.rei.com
client.rei.com
git.rei.com
ext.rei.com
service.rei.com
billing.rei.com
origin.rei.com
ci.rei.com
global.rei.com
s3.rei.com
elasticbeanstalk.rei.com
gh.rei.com
node.rei.com
auth.rei.com
secure.rei.com
gist.rei.com
hwcdn.rei.com
iad.rei.com
swagger.rei.com
pay.rei.com
v1.rei.com
fw.rei.com
ghcpi.rei.com
login.rei.com
github.rei.com
ops.rei.com
devs.rei.com
svcgateway.rei.com
w3.rei.com
acc.rei.com
engine.rei.com
alpha.rei.com
productions.rei.com
