lincolnpark.rentals.rei.com
northconway.rentals.rei.com
csa.rei.com
api-catalog.rei.com
media.rei.com
nap7gtmns01.rei.com
anchorage.rentals.rei.com
api.rei.com
connect.rei.com
desktop-b.rei.com
lvb-vpn.rei.com
img24.rei.com
partners2.rei.com
sandiego.rentals.rei.com
compass.rei.com
sfbweb-wa.rei.com
omptrans.notices.rei.com
collaboration.rei.com
oft-dev2.rei.com
vendorconfirm-preprod.rei.com
www.japan.rei.com
lva-vpn.rei.com
wcobplyf01.rei.com
origin-now.gslb.rei.com
conversations.rei.com
engineering.rei.com
wac01.rei.com
japan.rei.com
rentals.rei.com
bellevue.rentals.rei.com
sapq2gw.rei.com
compassqa.gslb.rei.com
ahqmailout.rei.com
roseville-galleria.rentals.rei.com
kentprod01.rei.com
qpsh.rei.com
10.86.180.25www.rei.com
api-mtls-apigee.rei.com
compassqa.rei.com
mail.rei.com
portal.greenvestrentals.rei.com
corp.rei.com
origin-qa.rei.com
top-brands.rei.com
seattle.rentals.rei.com
localhost.rei.com
api-apigee.rei.com
concord.rentals.rei.com
wcobparelay01.rei.com
hr.rei.com
optoutside.rei.com
api.gslb.rei.com
compass.gslb.rei.com
ask.rei.com
api-pcidev-apigee.rei.com
git.rei.com
lyncdirectors.rei.com
tpsh.rei.com
milsec1.rei.com
origin-future.rei.com
holiday.rei.com
mymail.rei.com
snowday.rei.com
tconfluence.rei.com
amsbrokersit.rei.com
api-prod-origin.rei.com
feedback.rei.com
poe.rei.com
mi.rei.com
www3.rei.com
qa.cloud-dam.rei.com
public-dev.cloud-dam.rei.com
ra9.rei.com
code.rei.com
vendorconfirm-prod-origin.rei.com
ahqpivotlink.rei.com
portal.next-rentals.rei.com
issaquah.rentals.rei.com
fp.rei.com
qila.rei.com
ulvbtpysh01.rei.com
www.rei.com
fresno.rentals.rei.com
fremont.rentals.rei.com
ppsh.rei.com
reiadvisors.rei.com
richmond.rentals.rei.com
www.rei.comwww.rei.com
bloomington.rentals.rei.com
api-pcitest-apigee.rei.com
csa-ite2.rei.com
tenzig.rei.com
ns01.rei.com
greenvestrentals.rei.com
burbank.rentals.rei.com
api-dev-apigee.rei.com
api-mtls-pcidev-apigee.rei.com
desktop.rei.com
wkhqpepv01.rei.com
findout.rei.com
ppsh.gslb.rei.com
next-rentals.rei.com
api-pci-apigee.rei.com
vegasp1.rei.com
wpvip.rei.com
officeweb7.rei.com
ns.rei.com
destinations.rei.com
saltlakecity.rentals.rei.com
spark.rei.com
api-dev-origin.rei.com
origin-coopjournal.rei.com
collaboration-test.rei.com
public.cloud-dam.rei.com
satchel.rei.com
wkhqpairdmz01.rei.com
eomperf.rei.com
destinations-test.rei.com
vpnlab.rei.com
api-dev.rei.com
ila.rei.com
dapfollower.rei.com
vendorconfirm-qa.rei.com
denver.rentals.rei.com
notices-dev.rei.com
preferences.rei.com
coloradosprings.rentals.rei.com
2factor.rei.com
csatest.rei.com
qa.rei.com
aspectmobile.rei.com
next-greenvestrentals.rei.com
gallery.rei.com
csa-ite1.rei.com
portal.rentals.rei.com
kentp1.rei.com
qsfdc.rei.com
tretail-stores.rei.com
kentd1.rei.com
lyncdiscover.rei.com
vdi.rei.com
api-mtls-pcitest-apigee.rei.com
delivery-1.cloud-dam.rei.com
desktop-a.rei.com
dublin.rentals.rei.com
m.rei.com
mfa.rei.com
webconwa.rei.com
studio.rei.com
devfs.rei.com
mobile.rei.com
notices1.rei.com
customerinnovation.rei.com
cloud-dam.rei.com
portal.rei.com
webmail.rei.com
sapqgw.rei.com
berkeley.rentals.rei.com
api-mtls-pci-apigee.rei.com
kentp2.rei.com
somni.rei.com
www.mfa.rei.com
public-qa.cloud-dam.rei.com
amslogixsit.rei.com
secure.rei.com
reinightrun.rei.com
our.rei.com
eomwebsit.rei.com
amslogixperf.rei.com
qawc01.qa.retailemail.rei.com
boulder.rentals.rei.com
folsom.rentals.rei.com
vpn.rei.com
help.rei.com
sfbdir-wa.rei.com
status.greenvestrentals.rei.com
issues.rei.com
origin-m.rei.com
www.cloud-dam.rei.com
ra.rei.com
wc01.retailemail.rei.com
tissues.rei.com
api.cloud-dam.rei.com
future-login2.rei.com
vdi.gslb.rei.com
notices.rei.com
spokane.rentals.rei.com
api-mtls-dev-apigee.rei.com
retail-stores.rei.com
qpsh.gslb.rei.com
dillon.rentals.rei.com
www.reixwestelm.rei.com
sfdc.rei.com
sacramento.rentals.rei.com
autodiscover.rei.com
notice.rei.com
partners.rei.com
sfbweb-nv.rei.com
outlook.rei.com
omptrans.notices1.rei.com
omp.notices.rei.com
rei.com
sfbweb-wa-d.rei.com
www.spark.rei.com
vendorconfirm.rei.com
omni.rei.com
wc.rei.com
accessnv.rei.com
api-dev-onprem.rei.com
api-test-apigee.rei.com
catalogs.rei.com
filetransfer2.rei.com
future-help.rei.com
santarosa.rentals.rei.com
csaqa.rei.com
filetransfer.rei.com
ulvaqces01.rei.com
accesswa.rei.com
api-playground-apigee.rei.com
filetransfer1.rei.com
securemail.rei.com
api-dev-catalog.rei.com
sancarlos.rentals.rei.com
www.origin-coopjournal.rei.com
nap9gtmns01.rei.com
fs.gslb.rei.com
sip.rei.com
origin-now.rei.com
www.status.greenvestrentals.rei.com
amsbroker.rei.com
portal.next-greenvestrentals.rei.com
staging-community.rei.com
reixwestelm.rei.com
community.rei.com
ra7.rei.com
opoapp.rei.com
dev.cloud-dam.rei.com
alderwood.rentals.rei.com
2devfactor.rei.com
qapi.rei.com
ulvalces01.rei.com
mymail.gslb.rei.com
f5apps.rei.com
api-sandbox-apigee.rei.com
email.rei.com
newsroom.rei.com
vegasp2.rei.com
strmail.retailemail.rei.com
meet.rei.com
api-mtls-sandbox-apigee.rei.com
fs.rei.com
ulvbqces01.rei.com
blog.rei.com
sappgw.rei.com
api-mtls-test-apigee.rei.com
ulvbdparas01.rei.com
vendorconfirm-dev.rei.com
qapi.gslb.rei.com
origin-next.gslb.rei.com
confluence.rei.com
staging-conversations.rei.com
api-dev.cloud-dam.rei.com
amsbrokerperf.rei.com
pingdev.rei.com
webconnv.rei.com
vendorconfirm-preprod-origin.rei.com
images.rei.com
qpsh.rei.com
public-qa.cloud-dam.rei.com
spark.rei.com
amslogixperf.rei.com
community.rei.com
wkhqpepv01.rei.com
portal.rei.com
help.rei.com
kentprod01.rei.com
somni.rei.com
amslogixsit.rei.com
desktop-b.rei.com
omptrans.notices.rei.com
anchorage.rentals.rei.com
www.status.greenvestrentals.rei.com
our.rei.com
mail.rei.com
spokane.rentals.rei.com
ila.rei.com
public.cloud-dam.rei.com
vendorconfirm-preprod.rei.com
csaqa.rei.com
public-dev.cloud-dam.rei.com
mymail.gslb.rei.com
bellevue.rentals.rei.com
oft-dev2.rei.com
boulder.rentals.rei.com
img24.rei.com
lva-vpn.rei.com
lyncdirectors.rei.com
origin-qa.rei.com
tpsh.rei.com
vendorconfirm-qa.rei.com
ulvalces01.rei.com
amsbrokerperf.rei.com
eomperf.rei.com
bloomington.rentals.rei.com
future-login2.rei.com
wkhqpairdmz01.rei.com
connect.rei.com
richmond.rentals.rei.com
notices1.rei.com
nap9gtmns01.rei.com
notices.rei.com
sappgw.rei.com
api-mtls-dev-apigee.rei.com
amsbrokersit.rei.com
api-dev-catalog.rei.com
studio.rei.com
portal.next-rentals.rei.com
mi.rei.com
dev.cloud-dam.rei.com
qapi.gslb.rei.com
csa-ite2.rei.com
status.greenvestrentals.rei.com
wc01.retailemail.rei.com
portal.greenvestrentals.rei.com
filetransfer.rei.com
lyncdiscover.rei.com
preferences.rei.com
qila.rei.com
www.mfa.rei.com
desktop-a.rei.com
outlook.rei.com
hr.rei.com
wc.rei.com
securemail.rei.com
vendorconfirm-dev.rei.com
accesswa.rei.com
ulvbtpysh01.rei.com
vpn.rei.com
ra.rei.com
qpsh.gslb.rei.com
compass.gslb.rei.com
collaboration.rei.com
tissues.rei.com
vendorconfirm-preprod-origin.rei.com
findout.rei.com
officeweb7.rei.com
origin-future.rei.com
notice.rei.com
origin-coopjournal.rei.com
corp.rei.com
partners.rei.com
www3.rei.com
filetransfer1.rei.com
vendorconfirm.rei.com
destinations-test.rei.com
vegasp2.rei.com
desktop.rei.com
aspectmobile.rei.com
issaquah.rentals.rei.com
2devfactor.rei.com
sfbweb-wa-d.rei.com
www.cloud-dam.rei.com
2factor.rei.com
vegasp1.rei.com
berkeley.rentals.rei.com
rentals.rei.com
api-mtls-sandbox-apigee.rei.com
csa.rei.com
m.rei.com
top-brands.rei.com
api-dev.cloud-dam.rei.com
vpnlab.rei.com
qawc01.qa.retailemail.rei.com
localhost.rei.com
api-pcidev-apigee.rei.com
api-dev-origin.rei.com
ra9.rei.com
ahqpivotlink.rei.com
devfs.rei.com
destinations.rei.com
api-dev.rei.com
retail-stores.rei.com
snowday.rei.com
api-catalog.rei.com
reixwestelm.rei.com
api-mtls-pci-apigee.rei.com
compass.rei.com
dublin.rentals.rei.com
delivery-1.cloud-dam.rei.com
ulvaqces01.rei.com
origin-next.gslb.rei.com
newsroom.rei.com
sandiego.rentals.rei.com
milsec1.rei.com
notices-dev.rei.com
issues.rei.com
nap7gtmns01.rei.com
webmail.rei.com
denver.rentals.rei.com
coloradosprings.rentals.rei.com
gallery.rei.com
api-dev-apigee.rei.com
holiday.rei.com
blog.rei.com
vdi.rei.com
sacramento.rentals.rei.com
pingdev.rei.com
sapqgw.rei.com
sancarlos.rentals.rei.com
omni.rei.com
greenvestrentals.rei.com
autodiscover.rei.com
omptrans.notices1.rei.com
secure.rei.com
api-playground-apigee.rei.com
catalogs.rei.com
mymail.rei.com
tenzig.rei.com
vdi.gslb.rei.com
kentp2.rei.com
saltlakecity.rentals.rei.com
poe.rei.com
feedback.rei.com
seattle.rentals.rei.com
portal.next-greenvestrentals.rei.com
api-mtls-pcidev-apigee.rei.com
mobile.rei.com
api-apigee.rei.com
git.rei.com
sfbdir-wa.rei.com
folsom.rentals.rei.com
ns.rei.com
engineering.rei.com
kentd1.rei.com
origin-m.rei.com
roseville-galleria.rentals.rei.com
10.86.180.25www.rei.com
fs.gslb.rei.com
api-mtls-apigee.rei.com
api-pcitest-apigee.rei.com
api-test-apigee.rei.com
collaboration-test.rei.com
images.rei.com
ask.rei.com
meet.rei.com
www.origin-coopjournal.rei.com
fremont.rentals.rei.com
ulvbdparas01.rei.com
wcobparelay01.rei.com
wac01.rei.com
japan.rei.com
sip.rei.com
opoapp.rei.com
origin-now.rei.com
reinightrun.rei.com
santarosa.rentals.rei.com
api.gslb.rei.com
cloud-dam.rei.com
conversations.rei.com
sfdc.rei.com
amsbroker.rei.com
satchel.rei.com
code.rei.com
ahqmailout.rei.com
api-sandbox-apigee.rei.com
qapi.rei.com
mfa.rei.com
next-rentals.rei.com
qa.rei.com
qsfdc.rei.com
optoutside.rei.com
ppsh.gslb.rei.com
lincolnpark.rentals.rei.com
confluence.rei.com
alderwood.rentals.rei.com
api-mtls-pcitest-apigee.rei.com
compassqa.rei.com
partners2.rei.com
staging-conversations.rei.com
qa.cloud-dam.rei.com
dapfollower.rei.com
media.rei.com
compassqa.gslb.rei.com
vendorconfirm-prod-origin.rei.com
ns01.rei.com
dillon.rentals.rei.com
api-pci-apigee.rei.com
csa-ite1.rei.com
rei.com
www.japan.rei.com
sfbweb-wa.rei.com
webconwa.rei.com
omp.notices.rei.com
email.rei.com
ppsh.rei.com
f5apps.rei.com
wpvip.rei.com
ulvbqces01.rei.com
www.rei.comwww.rei.com
fs.rei.com
wcobplyf01.rei.com
lvb-vpn.rei.com
eomwebsit.rei.com
tretail-stores.rei.com
northconway.rentals.rei.com
api.rei.com
filetransfer2.rei.com
tconfluence.rei.com
www.rei.com
portal.rentals.rei.com
next-greenvestrentals.rei.com
api-dev-onprem.rei.com
kentp1.rei.com
csatest.rei.com
www.spark.rei.com
customerinnovation.rei.com
api-prod-origin.rei.com
fp.rei.com
staging-community.rei.com
burbank.rentals.rei.com
fresno.rentals.rei.com
api.cloud-dam.rei.com
sfbweb-nv.rei.com
sapq2gw.rei.com
ra7.rei.com
origin-now.gslb.rei.com
strmail.retailemail.rei.com
reiadvisors.rei.com
webconnv.rei.com
accessnv.rei.com
api-mtls-test-apigee.rei.com
future-help.rei.com
www.reixwestelm.rei.com
concord.rentals.rei.com
